[2026-06-24T14:20:41.853560] ACTION: SEARCH | TARGET: India | STATUS: allowed
[2026-06-24T15:54:06.740651] ACTION: CLIPBOARD | TARGET: read | STATUS: allowed
[2026-06-25T17:37:22.554342] ACTION: CMD | TARGET: open "by yourseld" | STATUS: allowed
[2026-06-25T18:13:24.560858] ACTION: generate_master_key | TARGET: system | STATUS: allowed
[2026-06-25T18:36:57.619137] ACTION: TODO | TARGET: list | STATUS: allowed
[2026-06-25T18:37:08.715936] ACTION: TODO | TARGET: list | STATUS: allowed
[2026-06-25T18:37:08.717992] ACTION: NOTES | TARGET: list | STATUS: allowed
[2026-06-25T18:58:36.664753] ACTION: FINANCE | TARGET: portfolio | STATUS: allowed
[2026-06-25T19:01:24.096314] ACTION: AVATAR | TARGET: happy | STATUS: allowed
[2026-06-25T19:01:24.099337] ACTION: ROBOTICS | TARGET: drone|takeoff | STATUS: allowed
[2026-06-25T19:17:48.667155] ACTION: SYSTEM | TARGET: open|app="PowerPoint" | STATUS: allowed
[2026-06-25T19:18:18.750321] ACTION: CMD | TARGET: powerpoint.exe | STATUS: allowed
[2026-06-25T19:18:22.112732] ACTION: FILE | TARGET: powerpoint.exe | STATUS: allowed
[2026-06-25T23:18:27.295347] ACTION: SYSTEM | TARGET: action|target | STATUS: allowed
[2026-06-25T23:18:30.575961] ACTION: MEMORY | TARGET: store|fact | STATUS: allowed
[2026-06-25T23:18:30.580022] ACTION: MEMORY | TARGET: retrieve | STATUS: allowed
[2026-06-25T23:18:30.599580] ACTION: WEATHER | TARGET: now | STATUS: allowed
[2026-06-25T23:18:40.211969] ACTION: MARKET | TARGET: TSLA | STATUS: allowed
[2026-06-25T23:19:02.873789] ACTION: CLIPBOARD | TARGET: read | STATUS: allowed
[2026-06-25T23:19:02.875544] ACTION: CLIPBOARD | TARGET: write|text | STATUS: allowed
[2026-06-25T23:19:02.885382] ACTION: TRANSLATE | TARGET: text|lang | STATUS: allowed
[2026-06-25T23:19:02.893195] ACTION: SPEEDTEST | TARGET: run | STATUS: allowed
[2026-06-25T23:19:27.357395] ACTION: ALARM | TARGET: minutes|message | STATUS: allowed
[2026-06-25T23:19:27.359999] ACTION: WINDOWS | TARGET: query | STATUS: allowed
[2026-06-25T23:20:43.054500] ACTION: GIT | TARGET: action|args|repo_path | STATUS: allowed
[2026-06-25T23:20:43.072384] ACTION: DOCKER | TARGET: action|args | STATUS: allowed
[2026-06-25T23:20:43.085431] ACTION: RESEARCH | TARGET: query | STATUS: allowed
[2026-06-26T00:56:51.749810] ACTION: WEB | TARGET: url | STATUS: allowed
[2026-06-26T00:56:51.884041] ACTION: CLIPBOARD | TARGET: write|text | STATUS: allowed
[2026-06-26T00:56:51.914186] ACTION: TODO | TARGET: action|task | STATUS: allowed
[2026-06-26T00:56:54.934472] ACTION: WEB | TARGET: url | STATUS: allowed
[2026-06-26T00:56:54.965975] ACTION: SEARCH | TARGET: reminder text | STATUS: allowed
[2026-06-26T00:56:56.195268] ACTION: CLIPBOARD | TARGET: write|text | STATUS: allowed
[2026-06-26T00:56:56.199635] ACTION: TODO | TARGET: action|task | STATUS: allowed
[2026-06-26T10:48:08.464495] ACTION: CMD | TARGET: news -h | less | STATUS: allowed
[2026-06-26T10:48:08.587667] ACTION: NEWS | TARGET: topic | STATUS: allowed
[2026-06-26T10:48:08.604141] ACTION: NEWS | TARGET: AI research | STATUS: allowed
[2026-06-26T10:48:17.203172] ACTION: NEWS | TARGET: AI research | STATUS: allowed
[2026-06-27T15:38:06.440282] ACTION: CMD | TARGET: shell command | STATUS: allowed
[2026-06-27T15:38:06.539707] ACTION: WEB | TARGET: url | STATUS: allowed
[2026-06-27T15:38:10.787739] ACTION: FILE | TARGET: path|content | STATUS: allowed
[2026-06-27T15:38:10.790710] ACTION: FILEMANAGE | TARGET: action|arg1|arg2... | STATUS: allowed
[2026-06-27T15:38:10.797535] ACTION: NEWS | TARGET: topic | STATUS: allowed
[2026-06-27T15:38:11.596488] ACTION: PYTHON | TARGET: code | STATUS: allowed
[2026-06-27T15:38:35.745135] ACTION: SEARCH | TARGET: query | STATUS: allowed
[2026-06-27T15:38:44.524308] ACTION: SYSTEM | TARGET: action|target | STATUS: allowed
[2026-06-27T15:39:00.460342] ACTION: MEMORY | TARGET: store|fact | STATUS: allowed
[2026-06-27T15:39:00.515383] ACTION: MEMORY | TARGET: retrieve | STATUS: allowed
[2026-06-27T15:39:00.720423] ACTION: WEATHER | TARGET: now | STATUS: allowed
[2026-06-27T15:39:58.505221] ACTION: MARKET | TARGET: TSLA | STATUS: allowed
[2026-06-27T15:42:27.507156] ACTION: COMPILER | TARGET: question|language | STATUS: allowed
[2026-06-27T15:42:37.230767] ACTION: CLIPBOARD | TARGET: read | STATUS: allowed
[2026-06-27T15:42:37.233269] ACTION: CLIPBOARD | TARGET: write|text | STATUS: allowed
[2026-06-27T15:42:37.243462] ACTION: TRANSLATE | TARGET: text|lang | STATUS: allowed
[2026-06-27T15:42:37.246134] ACTION: SPEEDTEST | TARGET: run | STATUS: allowed
[2026-06-27T15:43:23.546970] ACTION: TASKMGR | TARGET: list | STATUS: allowed
[2026-06-27T15:43:29.105852] ACTION: TASKMGR | TARGET: kill|name | STATUS: allowed
[2026-06-27T15:43:29.109141] ACTION: ALARM | TARGET: minutes|message | STATUS: allowed
[2026-06-27T15:43:29.111937] ACTION: WINDOWS | TARGET: query | STATUS: allowed
[2026-06-27T15:43:37.267382] ACTION: GIT | TARGET: action|args|repo_path | STATUS: allowed
[2026-06-27T15:43:37.275327] ACTION: DOCKER | TARGET: action|args | STATUS: allowed
[2026-06-27T15:43:37.277838] ACTION: RESEARCH | TARGET: query | STATUS: allowed
[2026-06-27T15:43:37.726026] ACTION: TODO | TARGET: action|task | STATUS: allowed
[2026-06-27T15:43:37.732895] ACTION: NOTES | TARGET: action|title|content | STATUS: allowed
[2026-06-27T15:43:37.740368] ACTION: IOT | TARGET: action|device_id|value | STATUS: allowed
[2026-06-27T15:43:37.744648] ACTION: FINANCE | TARGET: action|args | STATUS: allowed
[2026-06-27T15:43:37.747097] ACTION: HEALTH | TARGET: action|args | STATUS: allowed
[2026-06-27T15:43:37.753334] ACTION: AGENT | TARGET: task | STATUS: allowed
[2026-06-27T15:43:46.462093] ACTION: AVATAR | TARGET: state | STATUS: allowed
[2026-06-27T15:43:46.465883] ACTION: ROBOTICS | TARGET: device|action|params | STATUS: allowed
[2026-06-27T15:43:46.470634] ACTION: PROACTIVE | TARGET: check | STATUS: allowed
[2026-06-27T15:43:49.956090] ACTION: PPT | TARGET: action | STATUS: allowed
[2026-06-27T15:43:50.898559] ACTION: TRENDS | TARGET: action | STATUS: allowed
[2026-06-27T22:01:49.053955] ACTION: ANALYST | TARGET: domain|question | STATUS: allowed
[2026-06-27T22:02:52.677445] ACTION: REVIEW | TARGET: action|data|lang | STATUS: allowed
[2026-06-27T22:03:48.215826] ACTION: DASH | TARGET: description|refresh_seconds | STATUS: allowed
[2026-06-27T22:03:52.682717] ACTION: DEBATE | TARGET: question|personas|rounds | STATUS: allowed
[2026-06-27T22:13:17.494482] ACTION: TRANSLATE | TARGET: വാക്ക്|മലയാളം | STATUS: allowed
[2026-06-27T22:13:17.503888] ACTION: TRANSLATE | TARGET: ഇത് ഒരു വാക്ക്|മലയാളം | STATUS: allowed
[2026-06-27T22:13:21.646020] ACTION: TRANSLATE | TARGET: വാക്ക്|മലയാളം|തിരുത്തിയാൽ | STATUS: allowed
[2026-06-27T22:13:21.735516] ACTION: TRANSLATE | TARGET: ഇത് ഒരു വാക്ക്|മലയാളം|തിരുത്തിയാൽ | STATUS: allowed
[2026-07-01T01:44:44.150583] ACTION: COMPILER | TARGET: question|language | STATUS: allowed
[2026-07-01T01:44:54.956813] ACTION: NEWS | TARGET: topic | STATUS: allowed
[2026-07-01T01:44:55.108890] ACTION: SEARCH | TARGET: query | STATUS: allowed
[2026-07-01T01:45:03.505861] ACTION: COMPILER | TARGET: question|language | STATUS: allowed
[2026-07-01T01:45:11.186256] ACTION: TRANSLATE | TARGET: text|lang | STATUS: allowed
[2026-07-02T12:23:23.140538] ACTION: CMD | TARGET: git clone https://github.com/astryx/project-login-page.git | STATUS: allowed
[2026-07-02T12:23:23.204177] ACTION: CMD | TARGET: cd project-login-page | STATUS: allowed
[2026-07-02T12:23:23.222216] ACTION: FILE | TARGET: excel_data.xlsx | STATUS: allowed
[2026-07-02T12:23:23.292786] ACTION: FILE | TARGET: login.html | STATUS: allowed
[2026-07-02T12:23:23.293795] ACTION: FILE | TARGET: styles.css | STATUS: allowed
[2026-07-02T12:26:31.529683] ACTION: CMD | TARGET: pnpm install ppt | STATUS: allowed
[2026-07-02T12:26:31.534720] ACTION: FILEMANAGE | TARGET: copy|/Users/your_username/Documents/Project.xlsx|/Users/your_username/Desktop/Project.xlsx | STATUS: allowed
[2026-07-02T12:26:31.538746] ACTION: SYSTEM | TARGET: open|PowerPoint | STATUS: allowed
[2026-07-02T12:26:51.126394] ACTION: SYSTEM | TARGET: open|Excel | STATUS: allowed
[2026-07-02T12:26:51.694337] ACTION: PPT | TARGET: generate|Project Management | STATUS: allowed
[2026-07-10T14:43:38.561043] ACTION: IDE_EXEC_CMD | TARGET: git branch --show-current (cwd: C:\My_Project\Jarvis) | STATUS: allowed
[2026-07-10T14:43:38.725763] ACTION: IDE_EXEC_CMD | TARGET: git status -s (cwd: C:\My_Project\Jarvis) | STATUS: allowed
[2026-07-10T14:43:40.572280] ACTION: IDE_EXEC_CMD | TARGET: git branch --show-current (cwd: C:\My_Project\Jarvis) | STATUS: allowed
[2026-07-10T14:43:40.573789] ACTION: IDE_EXEC_CMD | TARGET: git status -s (cwd: C:\My_Project\Jarvis) | STATUS: allowed
[2026-07-10T14:43:42.207810] ACTION: IDE_EXEC_CMD | TARGET: git branch --show-current (cwd: C:\My_Project\Jarvis) | STATUS: allowed
[2026-07-10T14:43:42.288283] ACTION: IDE_EXEC_CMD | TARGET: git status -s (cwd: C:\My_Project\Jarvis) | STATUS: allowed
[2026-07-10T14:51:49.270054] ACTION: CMD | TARGET: rm -rf slides | STATUS: allowed
[2026-07-10T14:51:49.273070] ACTION: CMD | TARGET: ppt delete slides.pptx -s 1-6 | STATUS: allowed
[2026-07-10T14:51:49.280927] ACTION: CMD | TARGET: rm -rf slides | STATUS: allowed
[2026-07-10T14:51:49.348508] ACTION: FILEMANAGE | TARGET: delete|slides | STATUS: allowed
[2026-07-10T14:51:49.353110] ACTION: FILEMANAGE | TARGET: delete|slides.pptx|1-6 | STATUS: allowed
[2026-07-10T14:53:14.348811] ACTION: CMD | TARGET: open -a Google\ Chrome | STATUS: allowed
[2026-07-10T14:55:01.712212] ACTION: SYSTEM | TARGET: wifi|on | STATUS: allowed
[2026-07-10T14:55:10.623843] ACTION: SYSTEM | TARGET: open|Steam | STATUS: allowed
[2026-07-10T14:55:19.059949] ACTION: TASKMGR | TARGET: list | STATUS: allowed
[2026-07-10T14:55:23.190563] ACTION: TASKMGR | TARGET: list|filter=game | STATUS: allowed
[2026-07-10T14:55:29.589655] ACTION: SYSTEM | TARGET: wifi|on | STATUS: allowed
[2026-07-10T14:55:29.600366] ACTION: SYSTEM | TARGET: open|Origin | STATUS: allowed
[2026-07-10T14:59:45.962321] ACTION: CMD | TARGET: MEMORY store | name=John Doe | STATUS: allowed
[2026-07-10T14:59:46.062840] ACTION: CMD | TARGET: NOTES save | title=My Name | content=John Doe | STATUS: allowed
[2026-07-10T14:59:46.109901] ACTION: CMD | TARGET: TASK add | task=Store Name | details=John Doe | STATUS: allowed
[2026-07-10T14:59:46.139080] ACTION: CMD | TARGET: MEMORY retrieve | STATUS: allowed
[2026-07-10T14:59:46.167027] ACTION: CMD | TARGET: NOTES read | title=My Name | STATUS: allowed
[2026-07-10T14:59:46.194483] ACTION: CMD | TARGET: TASK list | STATUS: allowed
[2026-07-10T14:59:46.200846] ACTION: MEMORY | TARGET: store|fact | STATUS: allowed
[2026-07-10T14:59:46.491169] ACTION: MEMORY | TARGET: retrieve | STATUS: allowed
[2026-07-10T14:59:46.593029] ACTION: TODO | TARGET: action|task | STATUS: allowed
[2026-07-10T14:59:46.642725] ACTION: TODO | TARGET: action|task | STATUS: allowed
[2026-07-10T14:59:46.874834] ACTION: NOTES | TARGET: action|title|content | STATUS: allowed
[2026-07-10T14:59:46.893426] ACTION: NOTES | TARGET: action|title|content | STATUS: allowed
[2026-07-10T15:04:14.219867] ACTION: SYSTEM | TARGET: action|target | STATUS: allowed
[2026-07-10T15:04:17.829375] ACTION: SYSTEM | TARGET: action|target | STATUS: allowed
[2026-07-10T15:07:54.073101] ACTION: WEB | TARGET: https://en.wikipedia.org/wiki/Argentina_national_football_team | STATUS: allowed
[2026-07-10T15:07:57.458955] ACTION: WEB | TARGET: https://en.wikipedia.org/wiki/Egypt_national_football_team | STATUS: allowed
[2026-07-10T15:08:08.021918] ACTION: WEB | TARGET: https://en.wikipedia.org/wiki/Argentina_national_football_team | STATUS: allowed
[2026-07-10T15:08:08.073993] ACTION: WEB | TARGET: https://en.wikipedia.org/wiki/Egypt_national_football_team | STATUS: allowed
[2026-07-10T15:14:19.919110] ACTION: COMPILER | TARGET: Write a function to rank the candidates based on their career statistics and accolades | STATUS: allowed
